2019-06-03 18:36:40,784 [FileSystemWatcher: files=#113 cl=groovy.lang.GroovyClassLoader@129a01cb] ERROR StackTrace  - Full Stack Trace:
java.lang.LinkageError: loader (instance of  org/springsource/loaded/ChildClassLoader): attempted  duplicate class definition for name: "celebrarmais/ServicoController$_index_closure1$$DRSMzQPg"
	at java.lang.ClassLoader.defineClass1(Native Method)
	at java.lang.ClassLoader.defineClass(ClassLoader.java:808)
	at java.lang.ClassLoader.defineClass(ClassLoader.java:648)
	at org.springsource.loaded.ChildClassLoader.defineClass(ChildClassLoader.java:37)
	at org.springsource.loaded.TypeRegistry.defineClass(TypeRegistry.java:1116)
	at org.springsource.loaded.CurrentLiveVersion.define(CurrentLiveVersion.java:111)
	at org.springsource.loaded.CurrentLiveVersion.<init>(CurrentLiveVersion.java:99)
	at org.springsource.loaded.ReloadableType.loadNewVersion(ReloadableType.java:396)
	at org.springsource.loaded.TypeRegistry.loadNewVersion(TypeRegistry.java:845)
	at org.springsource.loaded.agent.ReloadableFileChangeListener.fileChanged(ReloadableFileChangeListener.java:51)
	at org.springsource.loaded.agent.Watcher.determineChangesSince(FileSystemWatcher.java:235)
	at org.springsource.loaded.agent.Watcher.run(FileSystemWatcher.java:219)
	at java.lang.Thread.run(Thread.java:748)
2019-06-03 18:36:40,787 [FileSystemWatcher: files=#113 cl=groovy.lang.GroovyClassLoader@129a01cb] ERROR StackTrace  - Full Stack Trace:
java.lang.LinkageError: loader (instance of  org/springsource/loaded/ChildClassLoader): attempted  duplicate class definition for name: "celebrarmais/ServicoController$_index_closure1$$DRSMzQPg"
	at java.lang.ClassLoader.defineClass(ClassLoader.java:808)
	at java.lang.ClassLoader.defineClass(ClassLoader.java:648)
	at java.lang.Thread.run(Thread.java:748)
2019-06-03 18:36:40,787 [FileSystemWatcher: files=#113 cl=groovy.lang.GroovyClassLoader@129a01cb] ERROR StackTrace  - Full Stack Trace:
java.lang.LinkageError: loader (instance of  org/springsource/loaded/ChildClassLoader): attempted  duplicate class definition for name: "celebrarmais/ServicoController$_index_closure1$$DRSMzQPg"
	at java.lang.ClassLoader.defineClass(ClassLoader.java:808)
	at java.lang.ClassLoader.defineClass(ClassLoader.java:648)
	at java.lang.Thread.run(Thread.java:748)
2019-06-03 18:36:40,787 [FileSystemWatcher: files=#113 cl=groovy.lang.GroovyClassLoader@129a01cb] ERROR StackTrace  - Full Stack Trace:
java.lang.LinkageError: loader (instance of  org/springsource/loaded/ChildClassLoader): attempted  duplicate class definition for name: "celebrarmais/ServicoController$_index_closure1$$DRSMzQPg"
	at java.lang.ClassLoader.defineClass(ClassLoader.java:808)
	at java.lang.ClassLoader.defineClass(ClassLoader.java:648)
	at java.lang.Thread.run(Thread.java:748)
2019-06-03 18:36:40,823 [FileSystemWatcher: files=#113 cl=groovy.lang.GroovyClassLoader@129a01cb] ERROR StackTrace  - Full Stack Trace:
java.lang.LinkageError: loader (instance of  org/springsource/loaded/ChildClassLoader): attempted  duplicate class definition for name: "celebrarmais/ServicoController$_save_closure4$$DRSMzQPg"
	at java.lang.ClassLoader.defineClass1(Native Method)
	at java.lang.ClassLoader.defineClass(ClassLoader.java:808)
	at java.lang.ClassLoader.defineClass(ClassLoader.java:648)
	at org.springsource.loaded.ChildClassLoader.defineClass(ChildClassLoader.java:37)
	at org.springsource.loaded.TypeRegistry.defineClass(TypeRegistry.java:1116)
	at org.springsource.loaded.CurrentLiveVersion.define(CurrentLiveVersion.java:111)
	at org.springsource.loaded.CurrentLiveVersion.<init>(CurrentLiveVersion.java:99)
	at org.springsource.loaded.ReloadableType.loadNewVersion(ReloadableType.java:396)
	at org.springsource.loaded.TypeRegistry.loadNewVersion(TypeRegistry.java:845)
	at org.springsource.loaded.agent.ReloadableFileChangeListener.fileChanged(ReloadableFileChangeListener.java:51)
	at org.springsource.loaded.agent.Watcher.determineChangesSince(FileSystemWatcher.java:235)
	at org.springsource.loaded.agent.Watcher.run(FileSystemWatcher.java:219)
	at java.lang.Thread.run(Thread.java:748)
2019-06-03 18:36:40,823 [FileSystemWatcher: files=#113 cl=groovy.lang.GroovyClassLoader@129a01cb] ERROR StackTrace  - Full Stack Trace:
java.lang.LinkageError: loader (instance of  org/springsource/loaded/ChildClassLoader): attempted  duplicate class definition for name: "celebrarmais/ServicoController$_save_closure4$$DRSMzQPg"
	at java.lang.ClassLoader.defineClass(ClassLoader.java:808)
	at java.lang.ClassLoader.defineClass(ClassLoader.java:648)
	at java.lang.Thread.run(Thread.java:748)
2019-06-03 18:36:40,824 [FileSystemWatcher: files=#113 cl=groovy.lang.GroovyClassLoader@129a01cb] ERROR StackTrace  - Full Stack Trace:
java.lang.LinkageError: loader (instance of  org/springsource/loaded/ChildClassLoader): attempted  duplicate class definition for name: "celebrarmais/ServicoController$_save_closure4$$DRSMzQPg"
	at java.lang.ClassLoader.defineClass(ClassLoader.java:808)
	at java.lang.ClassLoader.defineClass(ClassLoader.java:648)
	at java.lang.Thread.run(Thread.java:748)
2019-06-03 18:36:40,824 [FileSystemWatcher: files=#113 cl=groovy.lang.GroovyClassLoader@129a01cb] ERROR StackTrace  - Full Stack Trace:
java.lang.LinkageError: loader (instance of  org/springsource/loaded/ChildClassLoader): attempted  duplicate class definition for name: "celebrarmais/ServicoController$_save_closure4$$DRSMzQPg"
	at java.lang.ClassLoader.defineClass(ClassLoader.java:808)
	at java.lang.ClassLoader.defineClass(ClassLoader.java:648)
	at java.lang.Thread.run(Thread.java:748)
2019-06-03 18:36:40,885 [FileSystemWatcher: files=#113 cl=groovy.lang.GroovyClassLoader@129a01cb] ERROR StackTrace  - Full Stack Trace:
java.lang.LinkageError: loader (instance of  org/springsource/loaded/ChildClassLoader): attempted  duplicate class definition for name: "celebrarmais/ServicoController$$DRSMzQPg"
	at java.lang.ClassLoader.defineClass1(Native Method)
	at java.lang.ClassLoader.defineClass(ClassLoader.java:808)
	at java.lang.ClassLoader.defineClass(ClassLoader.java:648)
	at org.springsource.loaded.ChildClassLoader.defineClass(ChildClassLoader.java:37)
	at org.springsource.loaded.TypeRegistry.defineClass(TypeRegistry.java:1116)
	at org.springsource.loaded.CurrentLiveVersion.define(CurrentLiveVersion.java:111)
	at org.springsource.loaded.CurrentLiveVersion.<init>(CurrentLiveVersion.java:99)
	at org.springsource.loaded.ReloadableType.loadNewVersion(ReloadableType.java:396)
	at org.springsource.loaded.TypeRegistry.loadNewVersion(TypeRegistry.java:845)
	at org.springsource.loaded.agent.ReloadableFileChangeListener.fileChanged(ReloadableFileChangeListener.java:51)
	at org.springsource.loaded.agent.Watcher.determineChangesSince(FileSystemWatcher.java:235)
	at org.springsource.loaded.agent.Watcher.run(FileSystemWatcher.java:219)
	at java.lang.Thread.run(Thread.java:748)
2019-06-03 18:36:40,886 [FileSystemWatcher: files=#113 cl=groovy.lang.GroovyClassLoader@129a01cb] ERROR StackTrace  - Full Stack Trace:
java.lang.LinkageError: loader (instance of  org/springsource/loaded/ChildClassLoader): attempted  duplicate class definition for name: "celebrarmais/ServicoController$$DRSMzQPg"
	at java.lang.ClassLoader.defineClass(ClassLoader.java:808)
	at java.lang.ClassLoader.defineClass(ClassLoader.java:648)
	at java.lang.Thread.run(Thread.java:748)
2019-06-03 18:36:40,886 [FileSystemWatcher: files=#113 cl=groovy.lang.GroovyClassLoader@129a01cb] ERROR StackTrace  - Full Stack Trace:
java.lang.LinkageError: loader (instance of  org/springsource/loaded/ChildClassLoader): attempted  duplicate class definition for name: "celebrarmais/ServicoController$$DRSMzQPg"
	at java.lang.ClassLoader.defineClass(ClassLoader.java:808)
	at java.lang.ClassLoader.defineClass(ClassLoader.java:648)
	at java.lang.Thread.run(Thread.java:748)
2019-06-03 18:36:40,886 [FileSystemWatcher: files=#113 cl=groovy.lang.GroovyClassLoader@129a01cb] ERROR StackTrace  - Full Stack Trace:
java.lang.LinkageError: loader (instance of  org/springsource/loaded/ChildClassLoader): attempted  duplicate class definition for name: "celebrarmais/ServicoController$$DRSMzQPg"
	at java.lang.ClassLoader.defineClass(ClassLoader.java:808)
	at java.lang.ClassLoader.defineClass(ClassLoader.java:648)
	at java.lang.Thread.run(Thread.java:748)
